c:\all\programms\project\mp2-lab3-polish_notation\sln\mp2-lab3-polish_notation2\debug\lexeme.obj
c:\all\programms\project\mp2-lab3-polish_notation\sln\mp2-lab3-polish_notation2\debug\mp2-lab3-polish_notation2.idb
c:\all\programms\project\mp2-lab3-polish_notation\sln\mp2-lab3-polish_notation2\debug\vc140.idb
c:\all\programms\project\mp2-lab3-polish_notation\sln\mp2-lab3-polish_notation2\debug\mp2-lab3-polish_notation2.pdb
c:\all\programms\project\mp2-lab3-polish_notation\sln\mp2-lab3-polish_notation2\debug\vc140.pdb
c:\all\programms\project\mp2-lab3-polish_notation\sln\debug\mp2-lab3-polish_notation2.pdb
c:\all\programms\project\mp2-lab3-polish_notation\sln\debug\mp2-lab3-polish_notation2.lib
c:\all\programms\project\mp2-lab3-polish_notation\sln\mp2-lab3-polish_notation2\debug\mp2-lab3.7c669cf4.tlog\cl.command.1.tlog
c:\all\programms\project\mp2-lab3-polish_notation\sln\mp2-lab3-polish_notation2\debug\mp2-lab3.7c669cf4.tlog\cl.read.1.tlog
c:\all\programms\project\mp2-lab3-polish_notation\sln\mp2-lab3-polish_notation2\debug\mp2-lab3.7c669cf4.tlog\cl.write.1.tlog
c:\all\programms\project\mp2-lab3-polish_notation\sln\mp2-lab3-polish_notation2\debug\mp2-lab3.7c669cf4.tlog\lib-link.read.1.tlog
c:\all\programms\project\mp2-lab3-polish_notation\sln\mp2-lab3-polish_notation2\debug\mp2-lab3.7c669cf4.tlog\lib-link.write.1.tlog
c:\all\programms\project\mp2-lab3-polish_notation\sln\mp2-lab3-polish_notation2\debug\mp2-lab3.7c669cf4.tlog\lib.command.1.tlog
c:\all\programms\project\mp2-lab3-polish_notation\sln\mp2-lab3-polish_notation2\debug\mp2-lab3.7c669cf4.tlog\link-cvtres.read.1.tlog
c:\all\programms\project\mp2-lab3-polish_notation\sln\mp2-lab3-polish_notation2\debug\mp2-lab3.7c669cf4.tlog\link-cvtres.write.1.tlog
c:\all\programms\project\mp2-lab3-polish_notation\sln\mp2-lab3-polish_notation2\debug\mp2-lab3.7c669cf4.tlog\link-rc.read.1.tlog
c:\all\programms\project\mp2-lab3-polish_notation\sln\mp2-lab3-polish_notation2\debug\mp2-lab3.7c669cf4.tlog\link-rc.write.1.tlog
c:\all\programms\project\mp2-lab3-polish_notation\sln\mp2-lab3-polish_notation2\debug\mp2-lab3.7c669cf4.tlog\link.command.1.tlog
c:\all\programms\project\mp2-lab3-polish_notation\sln\mp2-lab3-polish_notation2\debug\mp2-lab3.7c669cf4.tlog\link.read.1.tlog
c:\all\programms\project\mp2-lab3-polish_notation\sln\mp2-lab3-polish_notation2\debug\mp2-lab3.7c669cf4.tlog\link.write.1.tlog
