c:\все-все)\programms\project\mp2-lab3-polish_notation2\sln\mp2-lab3-polish_notation2\x64\debug\vc140.pdb
c:\все-все)\programms\project\mp2-lab3-polish_notation2\sln\mp2-lab3-polish_notation2\x64\debug\vc140.idb
c:\все-все)\programms\project\mp2-lab3-polish_notation2\sln\mp2-lab3-polish_notation2\x64\debug\lexeme.obj
c:\все-все)\programms\project\mp2-lab3-polish_notation2\sln\mp2-lab3-polish_notation2\x64\debug\stack.obj
c:\все-все)\programms\project\mp2-lab3-polish_notation2 — копия\sln\mp2-lab3-polish_notation2\x64\debug\vc140.pdb
c:\все-все)\programms\project\mp2-lab3-polish_notation2 — копия\sln\mp2-lab3-polish_notation2\x64\debug\vc140.idb
c:\все-все)\programms\project\mp2-lab3-polish_notation2 — копия\sln\mp2-lab3-polish_notation2\x64\debug\lexeme.obj
c:\все-все)\programms\project\mp2-lab3-polish_notation2 — копия\sln\mp2-lab3-polish_notation2\x64\debug\stack.obj
c:\projects\mp2-lab3-polish_notation2\sln\mp2-lab3-polish_notation2\x64\debug\vc140.pdb
c:\projects\mp2-lab3-polish_notation2\sln\mp2-lab3-polish_notation2\x64\debug\vc140.idb
c:\projects\mp2-lab3-polish_notation2\sln\mp2-lab3-polish_notation2\x64\debug\lexeme.obj
c:\projects\mp2-lab3-polish_notation2\sln\mp2-lab3-polish_notation2\x64\debug\mp2-lab3-polish_notation2.vcxprojresolveassemblyreference.cache
c:\projects\mp2-lab3-polish_notation2\sln\mp2-lab3-polish_notation2\x64\debug\stack.obj
c:\projects\mp2-lab3-polish_notation2\sln\x64\debug\mp2-lab3-polish_notation2.pdb
c:\projects\mp2-lab3-polish_notation2\sln\mp2-lab3-polish_notation2\x64\debug\mp2-lab3.7c669cf4.tlog\cl.command.1.tlog
c:\projects\mp2-lab3-polish_notation2\sln\mp2-lab3-polish_notation2\x64\debug\mp2-lab3.7c669cf4.tlog\cl.read.1.tlog
c:\projects\mp2-lab3-polish_notation2\sln\mp2-lab3-polish_notation2\x64\debug\mp2-lab3.7c669cf4.tlog\cl.write.1.tlog
c:\projects\mp2-lab3-polish_notation2\sln\mp2-lab3-polish_notation2\x64\debug\mp2-lab3.7c669cf4.tlog\link-cvtres.read.1.tlog
c:\projects\mp2-lab3-polish_notation2\sln\mp2-lab3-polish_notation2\x64\debug\mp2-lab3.7c669cf4.tlog\link-cvtres.write.1.tlog
c:\projects\mp2-lab3-polish_notation2\sln\mp2-lab3-polish_notation2\x64\debug\mp2-lab3.7c669cf4.tlog\link-rc.read.1.tlog
c:\projects\mp2-lab3-polish_notation2\sln\mp2-lab3-polish_notation2\x64\debug\mp2-lab3.7c669cf4.tlog\link-rc.write.1.tlog
c:\projects\mp2-lab3-polish_notation2\sln\mp2-lab3-polish_notation2\x64\debug\mp2-lab3.7c669cf4.tlog\link.command.1.tlog
c:\projects\mp2-lab3-polish_notation2\sln\mp2-lab3-polish_notation2\x64\debug\mp2-lab3.7c669cf4.tlog\link.read.1.tlog
c:\projects\mp2-lab3-polish_notation2\sln\mp2-lab3-polish_notation2\x64\debug\mp2-lab3.7c669cf4.tlog\link.write.1.tlog
